0 info it worked if it ends with ok
1 verbose cli [ '/root/.nvm/v0.11.14/bin/node',
1 verbose cli   '/root/.nvm/v0.11.14/bin/npm',
1 verbose cli   'start' ]
2 info using npm@2.0.0
3 info using node@v0.11.14
4 verbose run-script [ 'prestart', 'start', 'poststart' ]
5 info prestart angular-seed@0.0.0
6 verbose unsafe-perm in lifecycle true
7 info angular-seed@0.0.0 Failed to exec prestart script
8 verbose stack Error: Exit status 1
8 verbose stack     at ChildProcess.<anonymous> (/root/.nvm/v0.11.14/lib/node_modules/npm/lib/utils/lifecycle.js:212:16)
8 verbose stack     at ChildProcess.emit (events.js:110:17)
8 verbose stack     at maybeClose (child_process.js:1000:16)
8 verbose stack     at Process.ChildProcess._handle.onexit (child_process.js:1072:5)
9 verbose pkgid angular-seed@0.0.0
10 verbose cwd /home/jrwh81/angular-seed/app
11 error Linux 3.13.0-39-generic
12 error argv "/root/.nvm/v0.11.14/bin/node" "/root/.nvm/v0.11.14/bin/npm" "start"
13 error node v0.11.14
14 error npm  v2.0.0
15 error code ELIFECYCLE
16 error angular-seed@0.0.0 prestart: `npm install`
16 error Exit status 1
17 error Failed at the angular-seed@0.0.0 prestart script.
17 error This is most likely a problem with the angular-seed package,
17 error not with npm itself.
17 error Tell the author that this fails on your system:
17 error     npm install
17 error You can get their info via:
17 error     npm owner ls angular-seed
17 error There is likely additional logging output above.
18 verbose exit [ 1, true ]
